<?xml version="1.0" encoding="UTF-8"?>
<testsuite xmlns:xsi="http://www.w3.org/2001/XMLSchema-instance" xsi:noNamespaceSchemaLocation="https://maven.apache.org/surefire/maven-surefire-plugin/xsd/surefire-test-report.xsd" name="com.rest.tetra.TetraRestDemo.TestIntegration" time="10.588" tests="2" errors="0" skipped="0" failures="0">
  <properties>
[...]
</properties>
  <testcase name="testSaveTopic" classname="com.rest.tetra.TetraRestDemo.TestIntegration" time="0.504"/>
  <testcase name="testGetTopicById" classname="com.rest.tetra.TetraRestDemo.TestIntegration" time="0.039"/>
</testsuite>